11
22
1
1
1
1
1
1
1
1
1
1
1
4 0 8 (-96.000000 -256.000000 0.000000) (-0.000000 -256.000000 0.000000) (-0.000000 -256.000000 160.000000) (-96.000000 -256.000000 160.000000) 
4 0 5 (-96.000000 16.000000 0.000000) (-96.000000 -16.000000 0.000000) (-96.000000 -16.000000 24.000000) (-96.000000 16.000000 24.000000) 
4 0 6 (-96.000000 -24.000000 0.000000) (-96.000000 -256.000000 0.000000) (-96.000000 -256.000000 24.000000) (-96.000000 -24.000000 24.000000) 
4 0 4 (-96.000000 256.000000 0.000000) (-96.000000 24.000000 0.000000) (-96.000000 24.000000 24.000000) (-96.000000 256.000000 24.000000) 
4 0 2 (-96.000000 256.000000 32.000000) (-96.000000 256.000000 24.000000) (-96.000000 32.000000 24.000000) (-96.000000 32.000000 32.000000) 
4 0 1 (-96.000000 -32.000000 160.000000) (-96.000000 256.000000 160.000000) (-96.000000 256.000000 32.000000) (-96.000000 -32.000000 32.000000) 
4 0 3 (-96.000000 -256.000000 24.000000) (-96.000000 -256.000000 160.000000) (-96.000000 -32.000000 160.000000) (-96.000000 -32.000000 24.000000) 
4 1 7 (-128.000000 256.000000 160.000000) (-128.000000 256.000000 32.000000) (-128.000000 -32.000000 32.000000) (-128.000000 -32.000000 160.000000) 
4 1 2 (-128.000000 32.000000 32.000000) (-128.000000 256.000000 32.000000) (-96.000000 256.000000 32.000000) (-96.000000 32.000000 32.000000) 
4 1 3 (-96.000000 -32.000000 32.000000) (-96.000000 -32.000000 160.000000) (-128.000000 -32.000000 160.000000) (-128.000000 -32.000000 32.000000) 
4 2 7 (-128.000000 256.000000 32.000000) (-128.000000 256.000000 24.000000) (-128.000000 32.000000 24.000000) (-128.000000 32.000000 32.000000) 
4 2 4 (-128.000000 32.000000 24.000000) (-128.000000 256.000000 24.000000) (-96.000000 256.000000 24.000000) (-96.000000 32.000000 24.000000) 
4 3 8 (-96.000000 -256.000000 24.000000) (-96.000000 -256.000000 160.000000) (-128.000000 -256.000000 160.000000) (-128.000000 -256.000000 24.000000) 
4 3 7 (-128.000000 -32.000000 24.000000) (-128.000000 -256.000000 24.000000) (-128.000000 -256.000000 160.000000) (-128.000000 -32.000000 160.000000) 
4 3 6 (-128.000000 -256.000000 24.000000) (-128.000000 -32.000000 24.000000) (-96.000000 -32.000000 24.000000) (-96.000000 -256.000000 24.000000) 
4 4 7 (-128.000000 256.000000 24.000000) (-128.000000 256.000000 -0.000000) (-128.000000 24.000000 0.000000) (-128.000000 24.000000 24.000000) 
4 5 7 (-128.000000 16.000000 0.000000) (-128.000000 -16.000000 0.000000) (-128.000000 -16.000000 24.000000) (-128.000000 16.000000 24.000000) 
4 6 8 (-128.000000 -256.000000 0.000000) (-96.000000 -256.000000 0.000000) (-96.000000 -256.000000 24.000000) (-128.000000 -256.000000 24.000000) 
4 6 7 (-128.000000 -24.000000 0.000000) (-128.000000 -256.000000 -0.000000) (-128.000000 -256.000000 24.000000) (-128.000000 -24.000000 24.000000) 
4 8 9 (0.000000 -272.000000 0.000000) (0.000000 -288.000000 0.000000) (-128.000000 -288.000000 0.000000) (-128.000000 -272.000000 0.000000) 
4 8 10 (0.000000 -288.000000 0.000000) (0.000000 -384.000000 0.000000) (-128.000000 -384.000000 0.000000) (-128.000000 -288.000000 0.000000) 
4 9 10 (-0.000000 -288.000000 0.000000) (-128.000000 -288.000000 0.000000) (-128.000000 -272.000000 -8.000000) (0.000000 -272.000000 -8.000000) 
