23
25
1
1
1
1
1
1
1
1
1
1
1
1
1
1
1
1
1
1
1
1
1
1
1
4 0 15 (-256.000000 128.000000 128.000000) (-256.000000 192.000000 128.000000) (-256.000000 192.000000 0.000000) (-256.000000 128.000000 0.000000) 
4 0 1 (-256.000000 384.000000 192.000000) (-256.000000 448.000000 192.000000) (-256.000000 448.000000 0.000000) (-256.000000 384.000000 0.000000) 
4 1 2 (-288.000000 384.000000 0.000000) (-288.000000 384.000000 192.000000) (-288.000000 448.000000 192.000000) (-288.000000 448.000000 0.000000) 
4 2 3 (-320.000000 384.000000 16.000000) (-320.000000 384.000000 320.000000) (-320.000000 448.000000 320.000000) (-320.000000 448.000000 16.000000) 
4 3 4 (-352.000000 448.000000 320.000000) (-352.000000 448.000000 32.000000) (-352.000000 384.000000 32.000000) (-352.000000 384.000000 320.000000) 
4 4 5 (-384.000000 448.000000 320.000000) (-384.000000 448.000000 48.000000) (-384.000000 384.000000 48.000000) (-384.000000 384.000000 320.000000) 
4 5 6 (-416.000000 448.000000 320.000000) (-416.000000 448.000000 64.000000) (-416.000000 384.000000 64.000000) (-416.000000 384.000000 320.000000) 
4 6 7 (-448.000000 384.000000 80.000000) (-448.000000 384.000000 320.000000) (-448.000000 448.000000 320.000000) (-448.000000 448.000000 80.000000) 
4 7 8 (-480.000000 384.000000 96.000000) (-480.000000 384.000000 320.000000) (-480.000000 448.000000 320.000000) (-480.000000 448.000000 96.000000) 
4 8 9 (-512.000000 448.000000 320.000000) (-512.000000 448.000000 112.000000) (-512.000000 384.000000 112.000000) (-512.000000 384.000000 320.000000) 
4 9 10 (-512.000000 384.000000 128.000000) (-512.000000 384.000000 320.000000) (-576.000000 448.000000 320.000000) (-576.000000 448.000000 128.000000) 
4 10 12 (-512.000000 384.000000 144.000000) (-512.000000 384.000000 176.000000) (-576.000000 384.000000 176.000000) (-576.000000 384.000000 144.000000) 
4 10 11 (-512.000000 384.000000 176.000000) (-512.000000 384.000000 320.000000) (-576.000000 384.000000 320.000000) (-576.000000 384.000000 176.000000) 
4 11 14 (-512.000000 288.000000 192.000000) (-512.000000 288.000000 320.000000) (-576.000000 288.000000 320.000000) (-576.000000 288.000000 192.000000) 
4 11 13 (-576.000000 320.000000 176.000000) (-576.000000 352.000000 176.000000) (-512.000000 352.000000 176.000000) (-512.000000 320.000000 176.000000) 
4 11 12 (-576.000000 352.000000 176.000000) (-576.000000 384.000000 176.000000) (-512.000000 384.000000 176.000000) (-512.000000 352.000000 176.000000) 
4 12 13 (-512.000000 352.000000 160.000000) (-512.000000 352.000000 176.000000) (-576.000000 352.000000 176.000000) (-576.000000 352.000000 160.000000) 
4 14 17 (-512.000000 256.000000 192.000000) (-512.000000 256.000000 320.000000) (-576.000000 256.000000 320.000000) (-576.000000 256.000000 192.000000) 
4 15 20 (-384.000000 192.000000 0.000000) (-384.000000 128.000000 0.000000) (-384.000000 128.000000 128.000000) (-384.000000 192.000000 128.000000) 
4 17 21 (-512.000000 0.000000 320.000000) (-704.000000 0.000000 320.000000) (-704.000000 0.000000 192.000000) (-512.000000 0.000000 192.000000) 
4 17 19 (-576.000000 0.000000 192.000000) (-768.000000 0.000000 192.000000) (-768.000000 256.000000 192.000000) (-576.000000 256.000000 192.000000) 
4 17 18 (-384.000000 0.000000 192.000000) (-512.000000 0.000000 192.000000) (-512.000000 256.000000 192.000000) (-384.000000 256.000000 192.000000) 
4 18 20 (-512.000000 256.000000 176.000000) (-384.000000 256.000000 176.000000) (-384.000000 -0.000000 176.000000) (-512.000000 0.000000 176.000000) 
4 19 20 (-768.000000 -0.000000 176.000000) (-768.000000 256.000000 176.000000) (-576.000000 256.000000 176.000000) (-576.000000 0.000000 176.000000) 
4 21 22 (-576.000000 -128.000000 192.000000) (-512.000000 -128.000000 192.000000) (-512.000000 -128.000000 320.000000) (-576.000000 -128.000000 320.000000) 
