hlcsg v3.4 VL34 64-bit (Aug 17 2015)
Zoner's Half-Life Compilation Tools -- Custom Build
Based on code modifications by Sean 'Zoner' Cavanaugh
Based on Valve's version, modified with permission.
Submit detailed bug reports to (vluzacn@163.com)
-----  BEGIN  hlcsg -----
Command line: "C:/Program Files/J.A.C.K./halflife/hlcsg.exe" "C:\Program Files (x86)\Steam\steamapps\common\Half-Life\throwdown_hl\maps\td_deva0" 
Arguments: "C:\Program Files (x86)\Steam\steamapps\common\Half-Life\throwdown_hl\maps\td_deva0" -low -wadautodetect 
Entering C:\Program Files (x86)\Steam\steamapps\common\Half-Life\throwdown_hl\maps\td_deva0.map

Current hlcsg Settings
Name                 |  Setting  |  Default
---------------------|-----------|-------------------------
threads               [       8 ] [  Varies ]
verbose               [     off ] [     off ]
log                   [      on ] [      on ]
reset logfile         [      on ] [      on ]
developer             [       0 ] [       0 ]
chart                 [     off ] [     off ]
estimate              [     off ] [     off ]
max texture memory    [ 33554432 ] [ 33554432 ]
max lighting memory   [ 50331648 ] [ 50331648 ]
priority              [     Low ] [  Normal ]

noclip                [     off ] [     off ]
null texture stripping[      on ] [      on ]
clipnode economy mode [     off ] [     off ]
clip hull type        [  simple ] [  simple ]
onlyents              [     off ] [     off ]
wadtextures           [      on ] [      on ]
skyclip               [      on ] [      on ]
hullfile              [    None ] [    None ]
wad configuration file[    None ] [    None ]
wad.cfg group name    [    None ] [    None ]
nullfile              [    None ] [    None ]
nullify trigger       [      on ] [      on ]
min surface area      [   0.000 ] [   0.000 ]
brush union threshold [   0.000 ] [   0.000 ]
map scaling           [    None ] [    None ]
light name optimize   [      on ] [      on ]
convert game_text     [      on ] [      on ]

Using mapfile wad configuration
Wadfiles not in use by the map will be excluded
Wadinclude list :
[zhlt.wad]

CreateBrush:
 (0.00 seconds)
CSGBrush:
 (0.01 seconds)

Using Wadfile: /program files (x86)/steam/steamapps/common/Half-Life/valve/halflife.wad
 - Contains 7 used textures, 87.50 percent of map (3116 textures in wad)
Using Wadfile: /program files (x86)/steam/steamapps/common/Half-Life/valve/xeno.wad
 - Contains 1 used texture, 12.50 percent of map (264 textures in wad)

Wad files required to run the map: "halflife.wad;xeno.wad;"
Texture usage is at 0.13 mb (of 32.00 mb MAX)
0.02 seconds elapsed

-----   END   hlcsg -----



hlbsp v3.4 VL34 64-bit (Aug 17 2015)
Zoner's Half-Life Compilation Tools -- Custom Build
Based on code modifications by Sean 'Zoner' Cavanaugh
Based on Valve's version, modified with permission.
Submit detailed bug reports to (vluzacn@163.com)
-----  BEGIN  hlbsp -----
Command line: "C:/Program Files/J.A.C.K./halflife/hlbsp.exe" "C:\Program Files (x86)\Steam\steamapps\common\Half-Life\throwdown_hl\maps\td_deva0" 
Arguments: "C:\Program Files (x86)\Steam\steamapps\common\Half-Life\throwdown_hl\maps\td_deva0" -low -chart 

Current hlbsp Settings
Name               |  Setting  |  Default
-------------------|-----------|-------------------------
threads             [       8 ] [  Varies ]
verbose             [     off ] [     off ]
log                 [      on ] [      on ]
developer           [       0 ] [       0 ]
chart               [      on ] [     off ]
estimate            [     off ] [     off ]
max texture memory  [ 33554432 ] [ 33554432 ]
priority            [     Low ] [  Normal ]

noclip              [     off ] [     off ]
nofill              [     off ] [     off ]
noinsidefill        [     off ] [     off ]
noopt               [     off ] [     off ]
no clipnode merging [     off ] [     off ]
null tex. stripping [      on ] [      on ]
notjunc             [     off ] [     off ]
nobrink             [     off ] [     off ]
subdivide size      [     240 ] [     240 ] (Min 64) (Max 512)
max node size       [    1024 ] [    1024 ] (Min 64) (Max 65536)
remove hull 2       [     off ] [     off ]


SolidBSP [hull 0] 62 (0.00 seconds)
BSP generation successful, writing portal file 'C:\Program Files (x86)\Steam\steamapps\common\Half-Life\throwdown_hl\maps\td_deva0.prt'
SolidBSP [hull 1] 58 (0.00 seconds)
SolidBSP [hull 2] 59 (0.00 seconds)
SolidBSP [hull 3] 58 (0.00 seconds)
Reduced 72 clipnodes to 72
Reduced 27 texinfos to 16
Reduced 8 texdatas to 8 (356 bytes to 356)
Reduced 216 planes to 64
FixBrinks:
Increased 72 clipnodes to 72.

Object names  Objects/Maxobjs  Memory / Maxmem  Fullness
------------  ---------------  ---------------  --------
models              2/512          128/32768    ( 0.4%)
planes             64/32768       1280/655360   ( 0.2%)
vertexes          100/65535       1200/786420   ( 0.2%)
nodes              32/32767        768/786408   ( 0.1%)
texinfos           16/32767        640/1310680  ( 0.0%)
faces              67/65535       1340/1310700  ( 0.1%)
* worldfaces       67/32768          0/0        ( 0.2%)
clipnodes          72/32767        576/262136   ( 0.2%)
leaves             18/32760        504/917280   ( 0.1%)
* worldleaves      11/8192           0/0        ( 0.1%)
marksurfaces       84/65535        168/131070   ( 0.1%)
surfedges         334/512000      1336/2048000  ( 0.1%)
edges             168/256000       672/1024000  ( 0.1%)
texdata          [variable]        356/33554432 ( 0.0%)
lightdata        [variable]          0/50331648 ( 0.0%)
visdata          [variable]          0/8388608  ( 0.0%)
entdata          [variable]        899/2097152  ( 0.0%)
* AllocBlock        1/64             0/0        ( 1.6%)
8 textures referenced
=== Total BSP file data space used: 9867 bytes ===
Wad files required to run the map: "halflife.wad;xeno.wad;"
0.13 seconds elapsed

-----   END   hlbsp -----



hlvis v3.4 VL34 64-bit (Aug 17 2015)
Zoner's Half-Life Compilation Tools -- Custom Build
Based on code modifications by Sean 'Zoner' Cavanaugh
Based on Valve's version, modified with permission.
Submit detailed bug reports to (vluzacn@163.com)
-----  BEGIN  hlvis -----
Command line: "C:/Program Files/J.A.C.K./halflife/hlvis.exe" "C:\Program Files (x86)\Steam\steamapps\common\Half-Life\throwdown_hl\maps\td_deva0" 
Arguments: "C:\Program Files (x86)\Steam\steamapps\common\Half-Life\throwdown_hl\maps\td_deva0" -low 
  11 portalleafs
  23 numportals

-= Current hlvis Settings =-
Name               |  Setting  |  Default
-------------------|-----------|-------------------------
threads             [       8 ] [  Varies ]
verbose             [     off ] [     off ]
log                 [      on ] [      on ]
developer           [       0 ] [       0 ]
chart               [     off ] [     off ]
estimate            [     off ] [     off ]
max texture memory  [ 33554432 ] [ 33554432 ]
max vis distance    [       0 ] [       0 ]
priority            [     Low ] [  Normal ]

fast vis            [     off ] [     off ]
full vis            [     off ] [     off ]


BasePortalVis:
 (0.00 seconds)
LeafThread:
 (0.00 seconds)
average leafs visible: 9
g_visdatasize:22  compressed from 22
0.02 seconds elapsed

-----   END   hlvis -----



hlrad v3.4 VL34 64-bit (Aug 17 2015)
Zoner's Half-Life Compilation Tools -- Custom Build
Based on code modifications by Sean 'Zoner' Cavanaugh
Based on Valve's version, modified with permission.
Submit detailed bug reports to (vluzacn@163.com)
-----  BEGIN  hlrad -----
Command line: "C:/Program Files/J.A.C.K./halflife/hlrad.exe" -extra "C:\Program Files (x86)\Steam\steamapps\common\Half-Life\throwdown_hl\maps\td_deva0" 
Arguments: -extra "C:\Program Files (x86)\Steam\steamapps\common\Half-Life\throwdown_hl\maps\td_deva0" -low 

-= Current hlrad Settings =-
Name                | Setting             | Default
--------------------|---------------------|-------------------------
threads              [                 8 ] [            Varies ]
verbose              [               off ] [               off ]
log                  [                on ] [                on ]
developer            [                 0 ] [                 0 ]
chart                [               off ] [               off ]
estimate             [               off ] [               off ]
max texture memory   [          33554432 ] [          33554432 ]
max lighting memory  [          50331648 ] [          50331648 ]
priority             [               Low ] [            Normal ]

fast rad             [               off ] [               off ]
vismatrix algorithm  [            Sparse ] [            Sparse ]
oversampling (-extra)[                on ] [               off ]
bounces              [                 8 ] [                 8 ]
ambient light        [ 0.000 0.000 0.000 ] [ 0.000 0.000 0.000 ]
light limit threshold[           188.000 ] [           188.000 ]
circus mode          [               off ] [               off ]

smoothing threshold  [            50.000 ] [            50.000 ]
smoothing threshold 2[         no change ] [         no change ]
direct threshold     [            10.000 ] [            10.000 ]
direct light scale   [             1.000 ] [             1.000 ]
coring threshold     [             0.010 ] [             0.010 ]
patch interpolation  [                on ] [                on ]

texscale             [                on ] [                on ]
patch subdividing    [                on ] [                on ]
chop value           [            64.000 ] [            64.000 ]
texchop value        [            32.000 ] [            32.000 ]

global fade          [             1.000 ] [             1.000 ]
global texlight gap  [             0.000 ] [             0.000 ]
global light scale   [ 2.000 2.000 2.000 ] [ 2.000 2.000 2.000 ]
global gamma         [ 0.550 0.550 0.550 ] [ 0.550 0.550 0.550 ]
global light scale   [             2.000 ] [             2.000 ]
global sky diffusion [             1.000 ] [             1.000 ]

spread angles        [                on ] [                on ]
opaque entities      [                on ] [                on ]
sky lighting fix     [                on ] [                on ]
incremental          [               off ] [               off ]
dump                 [               off ] [               off ]

colour jitter        [       0.0 0.0 0.0 ] [       0.0 0.0 0.0 ]
monochromatic jitter [       0.0 0.0 0.0 ] [       0.0 0.0 0.0 ]

custom shadows with bounce light
                     [               off ] [               off ]
rgb transfers        [               off ] [               off ]
minimum final light  [                 0 ] [                 0 ]
size of transfer     [         1 (16bit) ] [         1 (16bit) ]
size of rgbtransfer  [         2 (32bit) ] [         2 (32bit) ]
soft sky             [                on ] [                on ]
translucent depth    [             2.000 ] [             2.000 ]
block opaque         [                on ] [                on ]
ignore textures      [               off ] [               off ]
reflectivity gamma   [             1.760 ] [             1.760 ]
reflectivity scale   [             0.700 ] [             0.700 ]
blur size            [             1.500 ] [             1.500 ]
no emitter range     [               off ] [               off ]
wall bleeding fix    [                on ] [                on ]


Load Textures:
Using Wadfile: C:\Program Files (x86)\Steam\steamapps\common\Half-Life\throwdown_hl\maps\td_deva0.wa_
8 textures referenced
Reading texlights from 'C:\Program Files\J.A.C.K\halflife\lights.rad'
0 opaque models
0 opaque faces
67 faces
Create Patches : 341 base patches
6621 square feet [953457.75 square inches]
1 direct lights and 0 fast direct lights
1 light styles

FindFacePositions:
 (0.01 seconds)
BuildFacelights:
 (0.09 seconds)
BuildVisLeafs:
 (0.00 seconds)
visibility matrix   :   0.0 megs
MakeScales:
 (0.01 seconds)
Transfer Lists :       72124 :    72.12k transfers
       Indices :       17972 :    17.55k bytes
          Data :      145271 :   141.87k bytes
Bounce 1 GatherLight:
 (0.00 seconds)
Bounce 2 GatherLight:
 (0.00 seconds)
Bounce 3 GatherLight:
 (0.00 seconds)
Bounce 4 GatherLight:
 (0.00 seconds)
Bounce 5 GatherLight:
 (0.00 seconds)
Bounce 6 GatherLight:
 (0.00 seconds)
Bounce 7 GatherLight:
 (0.00 seconds)
Bounce 8 GatherLight:
 (0.00 seconds)
CreateTriangulations:
 (0.00 seconds)
AddPatchLights:
 (0.05 seconds)
FinalLightFace:
 (0.00 seconds)
0.27 seconds elapsed

-----   END   hlrad -----



