15
27
1
1
1
1
1
1
1
1
1
1
1
1
1
1
1
4 1 2 (512.000000 -512.000000 256.000000) (512.000000 512.000000 256.000000) (1024.000000 512.000000 256.000000) (1024.000000 -512.000000 256.000000) 
4 2 3 (512.000000 -128.000000 256.000000) (512.000000 128.000000 256.000000) (512.000000 128.000000 128.000000) (512.000000 -128.000000 128.000000) 
4 3 12 (0.000000 128.000000 128.000000) (64.000000 128.000000 128.000000) (64.000000 64.000000 128.000000) (0.000000 64.000000 128.000000) 
4 3 14 (64.000000 -128.000000 128.000000) (-128.000000 -128.000000 128.000000) (-128.000000 64.000000 128.000000) (64.000000 64.000000 128.000000) 
4 3 5 (128.000000 -128.000000 128.000000) (64.000000 -128.000000 128.000000) (64.000000 64.000000 128.000000) (128.000000 64.000000 128.000000) 
4 3 4 (256.000000 -128.000000 128.000000) (128.000000 -128.000000 128.000000) (128.000000 128.000000 128.000000) (256.000000 128.000000 128.000000) 
4 4 8 (192.000000 -128.000000 96.000000) (128.000000 -128.000000 96.000000) (128.000000 128.000000 96.000000) (192.000000 128.000000 96.000000) 
4 4 6 (256.000000 -128.000000 96.000000) (192.000000 -128.000000 96.000000) (192.000000 -0.000000 96.000000) (256.000000 -0.000000 96.000000) 
4 4 5 (128.000000 64.000000 96.000000) (128.000000 -128.000000 96.000000) (128.000000 -128.000000 128.000000) (128.000000 64.000000 128.000000) 
4 5 14 (64.000000 -128.000000 128.000000) (64.000000 64.000000 128.000000) (64.000000 64.000000 96.000000) (64.000000 -128.000000 96.000000) 
4 5 10 (128.000000 -128.000000 96.000000) (64.000000 -128.000000 96.000000) (64.000000 64.000000 96.000000) (128.000000 64.000000 96.000000) 
4 6 8 (192.000000 -128.000000 64.000000) (192.000000 -128.000000 96.000000) (192.000000 -0.000000 96.000000) (192.000000 -0.000000 64.000000) 
4 6 7 (192.000000 -64.000000 64.000000) (192.000000 -0.000000 64.000000) (256.000000 -0.000000 64.000000) (256.000000 -64.000000 64.000000) 
4 7 8 (192.000000 64.000000 0.000000) (192.000000 -64.000000 0.000000) (192.000000 -64.000000 64.000000) (192.000000 64.000000 64.000000) 
4 8 11 (128.000000 96.000000 0.000000) (128.000000 -64.000000 0.000000) (128.000000 -64.000000 32.000000) (128.000000 96.000000 32.000000) 
4 8 10 (128.000000 -128.000000 32.000000) (128.000000 -128.000000 96.000000) (128.000000 96.000000 96.000000) (128.000000 96.000000 32.000000) 
4 8 9 (128.000000 128.000000 96.000000) (128.000000 128.000000 -0.000000) (128.000000 96.000000 0.000000) (128.000000 96.000000 96.000000) 
4 9 11 (96.000000 96.000000 0.000000) (128.000000 96.000000 0.000000) (128.000000 96.000000 32.000000) (96.000000 96.000000 32.000000) 
4 9 10 (128.000000 96.000000 32.000000) (128.000000 96.000000 96.000000) (96.000000 96.000000 96.000000) (96.000000 96.000000 32.000000) 
4 10 12 (64.000000 64.000000 96.000000) (64.000000 96.000000 96.000000) (64.000000 96.000000 32.000000) (64.000000 64.000000 32.000000) 
4 10 14 (64.000000 -128.000000 32.000000) (64.000000 -128.000000 96.000000) (64.000000 64.000000 96.000000) (64.000000 64.000000 32.000000) 
4 10 11 (64.000000 -64.000000 32.000000) (64.000000 96.000000 32.000000) (128.000000 96.000000 32.000000) (128.000000 -64.000000 32.000000) 
4 11 12 (64.000000 96.000000 0.000000) (64.000000 64.000000 0.000000) (64.000000 64.000000 32.000000) (64.000000 96.000000 32.000000) 
4 11 14 (64.000000 64.000000 0.000000) (64.000000 -64.000000 0.000000) (64.000000 -64.000000 32.000000) (64.000000 64.000000 32.000000) 
4 12 13 (0.000000 128.000000 96.000000) (0.000000 128.000000 -0.000000) (0.000000 64.000000 0.000000) (0.000000 64.000000 96.000000) 
4 12 14 (0.000000 64.000000 0.000000) (64.000000 64.000000 -0.000000) (64.000000 64.000000 128.000000) (0.000000 64.000000 128.000000) 
4 13 14 (-64.000000 64.000000 0.000000) (0.000000 64.000000 0.000000) (0.000000 64.000000 96.000000) (-64.000000 64.000000 96.000000) 
