30
61
1
1
1
1
1
1
1
1
1
1
1
1
1
1
1
1
1
1
1
1
1
1
1
1
1
1
1
1
1
1
4 0 1 (256.000000 48.000000 384.000000) (256.000000 48.000000 0.000000) (272.000000 48.000000 0.000000) (272.000000 48.000000 384.000000) 
4 2 3 (4.000000 -64.000000 480.000000) (-256.000000 -64.000000 480.000000) (-256.000000 -64.000000 448.000000) (4.000000 -64.000000 448.000000) 
4 4 15 (-256.000000 48.000000 320.000000) (-256.000000 64.000000 320.000000) (-168.008400 64.000000 320.000000) (-160.007350 48.000000 320.000000) 
4 4 9 (143.999300 64.000000 320.000000) (256.000000 64.000000 320.000000) (256.000000 48.000000 320.000000) (139.999388 48.000000 320.000000) 
4 4 14 (-168.008400 64.000000 320.000000) (143.999300 64.000000 320.000000) (139.999388 48.000000 320.000000) (-160.007350 48.000000 320.000000) 
4 4 5 (-256.000000 48.000000 384.000000) (-256.000000 48.000000 320.000000) (256.000000 48.000000 320.000000) (256.000000 48.000000 384.000000) 
3 5 16 (-256.000000 -48.000000 320.000000) (-256.000000 16.005400 320.000000) (-127.998800 -48.000000 320.000000) 
5 5 15 (-256.000000 16.005400 320.000000) (-256.000000 48.000000 320.000000) (-160.007350 48.000000 320.000000) (-112.001050 -48.000000 320.000000) (-127.998800 -48.000000 320.000000) 
4 5 9 (139.999388 48.000000 320.000000) (256.000000 48.000000 320.000000) (256.000000 -48.000000 320.000000) (115.999913 -48.000000 320.000000) 
4 5 14 (-160.007350 48.000000 320.000000) (139.999388 48.000000 320.000000) (115.999913 -48.000000 320.000000) (-112.001050 -48.000000 320.000000) 
4 5 8 (-4.000000 -48.000000 448.000000) (-256.000000 -48.000000 448.000000) (-256.000000 -48.000000 384.000000) (-4.000000 -48.000000 384.000000) 
4 5 7 (4.000000 -48.000000 448.000000) (-4.000000 -48.000000 448.000000) (-4.000000 -48.000000 320.000000) (4.000000 -48.000000 320.000000) 
4 5 6 (256.000000 -48.000000 320.000000) (256.000000 -48.000000 448.000000) (4.000000 -48.000000 448.000000) (4.000000 -48.000000 320.000000) 
4 6 9 (115.999913 -48.000000 320.000000) (256.000000 -48.000000 320.000000) (256.000000 -64.000000 320.000000) (112.000000 -64.000000 320.000000) 
4 6 14 (4.000000 -48.000000 320.000000) (115.999913 -48.000000 320.000000) (112.000000 -64.000000 320.000000) (4.000000 -64.000000 320.000000) 
4 6 7 (4.000000 -48.000000 448.000000) (4.000000 -48.000000 320.000000) (4.000000 -64.000000 320.000000) (4.000000 -64.000000 448.000000) 
4 7 24 (4.000000 -64.000000 320.000000) (4.000000 -68.000000 320.000000) (-4.000000 -68.000000 320.000000) (-4.000000 -64.000000 320.000000) 
4 7 14 (-4.000000 -48.000000 320.000000) (4.000000 -48.000000 320.000000) (4.000000 -64.000000 320.000000) (-4.000000 -64.000000 320.000000) 
4 7 8 (-4.000000 -160.000000 384.000000) (-4.000000 -160.000000 448.000000) (-4.000000 -48.000000 448.000000) (-4.000000 -48.000000 384.000000) 
3 9 12 (192.001400 -64.000000 128.000000) (144.000000 -64.000000 128.000000) (137.143000 -36.571400 128.000000) 
3 9 11 (118.857000 -36.571400 128.000000) (120.888699 -28.444427 128.000000) (128.000000 -32.000000 128.000000) 
5 9 10 (256.000000 -64.000000 128.000000) (192.001400 -64.000000 128.000000) (120.888699 -28.444427 128.000000) (143.999300 64.000000 128.000000) (256.000000 64.000000 128.000000) 
4 9 14 (143.999300 64.000000 320.000000) (143.999300 64.000000 128.000000) (112.000000 -64.000000 128.000000) (112.000000 -64.000000 320.000000) 
4 10 22 (256.000000 -32.000000 96.000000) (256.000000 -64.000000 96.000000) (192.001400 -64.000000 96.000000) (128.000000 -32.000000 96.000000) 
5 10 21 (143.999300 64.000000 96.000000) (256.000000 64.000000 96.000000) (256.000000 -32.000000 96.000000) (128.000000 -32.000000 96.000000) (120.888699 -28.444427 96.000000) 
4 10 12 (137.143000 -36.571400 112.000000) (192.001400 -64.000000 112.000000) (192.001400 -64.000000 128.000000) (137.143000 -36.571400 128.000000) 
4 10 11 (120.888699 -28.444427 128.000000) (120.888699 -28.444427 112.000000) (128.000000 -32.000000 112.000000) (128.000000 -32.000000 128.000000) 
4 10 13 (120.888699 -28.444427 112.000000) (120.888699 -28.444427 96.000000) (192.001400 -64.000000 96.000000) (192.001400 -64.000000 112.000000) 
4 10 14 (143.999300 64.000000 128.000000) (143.999300 64.000000 96.000000) (120.888699 -28.444427 96.000000) (120.888699 -28.444427 128.000000) 
3 11 13 (118.857000 -36.571400 112.000000) (120.888699 -28.444427 112.000000) (128.000000 -32.000000 112.000000) 
4 11 14 (118.857000 -36.571400 128.000000) (120.888699 -28.444427 128.000000) (120.888699 -28.444427 112.000000) (118.857000 -36.571400 112.000000) 
3 12 13 (192.001400 -64.000000 112.000000) (144.000000 -64.000000 112.000000) (137.143000 -36.571400 112.000000) 
4 13 22 (192.001400 -64.000000 96.000000) (112.000000 -64.000000 96.000000) (119.999825 -32.000000 96.000000) (128.000000 -32.000000 96.000000) 
3 13 21 (119.999825 -32.000000 96.000000) (120.888699 -28.444427 96.000000) (128.000000 -32.000000 96.000000) 
4 13 14 (120.888699 -28.444427 96.000000) (112.000000 -64.000000 96.000000) (112.000000 -64.000000 112.000000) (120.888699 -28.444427 112.000000) 
4 14 24 (4.000000 -64.000000 320.000000) (-4.000000 -64.000000 320.000000) (-4.000000 -64.000000 96.000000) (4.000000 -64.000000 96.000000) 
4 14 22 (119.999825 -32.000000 96.000000) (112.000000 -64.000000 96.000000) (-64.000000 -64.000000 96.000000) (-64.000000 -32.000000 96.000000) 
5 14 21 (-128.000000 64.000000 96.000000) (143.999300 64.000000 96.000000) (119.999825 -32.000000 96.000000) (-120.002100 -32.000000 96.000000) (-128.000000 -16.006299 96.000000) 
3 14 23 (-168.008400 64.000000 96.000000) (-128.000000 64.000000 96.000000) (-128.000000 -16.006299 96.000000) 
4 14 16 (-104.000000 -64.000000 128.000000) (-104.000000 -64.000000 320.000000) (-106.667000 -58.666700 320.000000) (-106.667000 -58.666700 125.333000) 
4 14 15 (-106.667000 -58.666700 320.000000) (-168.008400 64.000000 320.000000) (-168.008400 64.000000 96.000000) (-106.667000 -58.666700 96.000000) 
3 15 21 (-128.000000 -16.006299 96.000000) (-120.002100 -32.000000 96.000000) (-128.000000 -32.000000 96.000000) 
5 15 23 (-256.000000 16.005400 96.000000) (-256.000000 64.000000 96.000000) (-168.008400 64.000000 96.000000) (-128.000000 -16.006299 96.000000) (-128.000000 -47.999400 96.000000) 
4 15 18 (-115.199448 -54.400156 96.000000) (-112.000000 -56.000000 96.000000) (-112.000000 -56.000000 120.000000) (-115.199448 -54.400156 116.800552) 
3 15 19 (-136.000000 -43.999100 96.000000) (-115.199448 -54.400156 96.000000) (-115.199448 -54.400156 116.800552) 
3 15 17 (-223.974803 -0.008399 96.000000) (-136.000000 -43.999100 96.000000) (-106.667000 -58.666700 125.333000) 
5 15 16 (-256.000000 16.005400 320.000000) (-256.000000 16.005400 96.000000) (-223.974803 -0.008399 96.000000) (-106.667000 -58.666700 125.333000) (-106.667000 -58.666700 320.000000) 
3 16 23 (-256.000000 -0.008399 96.000000) (-256.000000 16.005400 96.000000) (-223.974803 -0.008399 96.000000) 
4 16 17 (-256.000000 -58.666700 125.333000) (-256.000000 -0.008399 96.000000) (-223.974803 -0.008399 96.000000) (-106.667000 -58.666700 125.333000) 
4 17 23 (-256.000000 -43.999100 96.000000) (-256.000000 -0.008399 96.000000) (-223.974803 -0.008399 96.000000) (-136.000000 -43.999100 96.000000) 
3 17 18 (-115.199448 -54.400156 116.800552) (-112.000000 -56.000000 120.000000) (-115.999475 -56.000000 120.000000) 
5 17 19 (-256.000000 -56.000000 120.000000) (-256.000000 -43.999100 96.000000) (-136.000000 -43.999100 96.000000) (-115.199448 -54.400156 116.800552) (-115.999475 -56.000000 120.000000) 
5 18 19 (-115.999475 -56.000000 120.000000) (-115.199448 -54.400156 116.800552) (-115.199448 -54.400156 96.000000) (-117.333000 -58.666700 96.000000) (-117.333000 -58.666700 114.667000) 
5 19 23 (-256.000000 -64.000000 96.000000) (-256.000000 -43.999100 96.000000) (-136.000000 -43.999100 96.000000) (-128.000000 -47.999400 96.000000) (-128.000000 -64.000000 96.000000) 
4 19 20 (-256.000000 -64.000000 104.001200) (-120.000000 -64.000000 104.001200) (-117.333000 -58.666700 114.667000) (-256.000000 -58.666700 114.667000) 
4 21 22 (-64.000000 -32.000000 0.000000) (256.000000 -32.000000 0.000000) (256.000000 -32.000000 96.000000) (-64.000000 -32.000000 96.000000) 
4 21 23 (-128.000000 64.000000 0.000000) (-128.000000 -32.000000 0.000000) (-128.000000 -32.000000 96.000000) (-128.000000 64.000000 96.000000) 
4 22 24 (-4.000000 -64.000000 0.000000) (4.000000 -64.000000 0.000000) (4.000000 -64.000000 96.000000) (-4.000000 -64.000000 96.000000) 
4 25 26 (4.000000 -192.000000 384.000000) (-4.000000 -192.000000 384.000000) (-4.000000 -160.000000 384.000000) (4.000000 -160.000000 384.000000) 
4 27 28 (-288.000000 -48.000000 384.000000) (-288.000000 48.000000 384.000000) (-256.000000 48.000000 384.000000) (-256.000000 -48.000000 384.000000) 
4 28 29 (-288.000000 -48.000000 320.000000) (-288.000000 64.000000 320.000000) (-256.000000 64.000000 320.000000) (-256.000000 -48.000000 320.000000) 
